<?xml version="1.0" encoding="UTF-8" standalone="no"?>
<testsuite errors="0" failures="0" name="io.cucumber.core.plugin.JUnitFormatter" skipped="0" tests="2" time="28.373">
    <testcase classname="User Story 4 Feature" name="Scenario 1" time="16.74">
        <system-out><![CDATA[When I am on Home Page......................................................passed
Then I click on My Account..................................................passed
]]></system-out>
    </testcase>
    <testcase classname="User Story 7 Feature" name="Scenario 1" time="11.159">
        <system-out><![CDATA[When I am on Home Page......................................................passed
Then I click on My Account..................................................passed
]]></system-out>
    </testcase>
</testsuite>
